<?xml version="1.0" encoding="UTF-8"?>
<!-- Generated by org.testng.reporters.JUnitXMLReporter -->
<testsuite hostname="DESKTOP-0JTJ2UQ" ignored="0" name="Default test" tests="5" failures="0" timestamp="10 may 2019 05:12:57 GMT" time="0.081" errors="0">
  <testcase name="adicionTest" time="0.01" classname="test.TestUnitarioMetodos"/>
  <testcase name="divisionParaZero" time="0.003" classname="test.TestUnitarioMetodos"/>
  <testcase name="divisionValoresValidosTest" time="0.001" classname="test.TestUnitarioMetodos"/>
  <testcase name="extraccionTest" time="0.002" classname="test.TestUnitarioMetodos"/>
  <testcase name="multiplicacionTest" time="0.002" classname="test.TestUnitarioMetodos"/>
</testsuite> <!-- Default test -->
